<?xml version="1.0" encoding="UTF-8"?>
<testng-results ignored="0" total="1" passed="1" failed="0" skipped="0">
  <reporter-output>
  </reporter-output>
  <suite started-at="2024-10-04T18:01:42 IST" name="Default suite" finished-at="2024-10-04T18:01:48 IST" duration-ms="6019">
    <groups>
    </groups>
    <test started-at="2024-10-04T18:01:42 IST" name="Default test" finished-at="2024-10-04T18:01:48 IST" duration-ms="6019">
      <class name="com.restassured.tests.PostAPIRequest">
        <test-method signature="createBooking()[pri:0, instance:com.restassured.tests.PostAPIRequest@57a3af25]" started-at="2024-10-04T18:01:42 IST" name="createBooking" finished-at="2024-10-04T18:01:48 IST" duration-ms="5981" status="PASS">
          <reporter-output>
          </reporter-output>
        </test-method> <!-- createBooking -->
      </class> <!-- com.restassured.tests.PostAPIRequest -->
    </test> <!-- Default test -->
  </suite> <!-- Default suite -->
</testng-results>
